<?xml version="1.0" encoding="UTF-8"?>
<testsuite name="com.jpaassignment2.Jpa.Assignment2.JpaAssignment2ApplicationTests" tests="1" skipped="0" failures="0" errors="0" timestamp="2020-03-20T13:24:55" hostname="siddharth" time="0.186">
  <properties/>
  <testcase name="testEmployeeRepo()" classname="com.jpaassignment2.Jpa.Assignment2.JpaAssignment2ApplicationTests" time="0.186"/>
  <system-out><![CDATA[18:54:52.329 [Test worker] DEBUG org.springframework.test.context.BootstrapUtils - Instantiating CacheAwareContextLoaderDelegate from class [org.springframework.test.context.cache.DefaultCacheAwareContextLoaderDelegate]
18:54:52.342 [Test worker] DEBUG org.springframework.test.context.BootstrapUtils - Instantiating BootstrapContext using constructor [public org.springframework.test.context.support.DefaultBootstrapContext(java.lang.Class,org.springframework.test.context.CacheAwareContextLoaderDelegate)]
18:54:52.373 [Test worker] DEBUG org.springframework.test.context.BootstrapUtils - Instantiating TestContextBootstrapper for test class [com.jpaassignment2.Jpa.Assignment2.JpaAssignment2ApplicationTests] from class [org.springframework.boot.test.context.SpringBootTestContextBootstrapper]
18:54:52.388 [Test worker] INFO org.springframework.boot.test.context.SpringBootTestContextBootstrapper - Neither @ContextConfiguration nor @ContextHierarchy found for test class [com.jpaassignment2.Jpa.Assignment2.JpaAssignment2ApplicationTests], using SpringBootContextLoader
18:54:52.393 [Test worker] DEBUG org.springframework.test.context.support.AbstractContextLoader - Did not detect default resource location for test class [com.jpaassignment2.Jpa.Assignment2.JpaAssignment2ApplicationTests]: class path resource [com/jpaassignment2/Jpa/Assignment2/JpaAssignment2ApplicationTests-context.xml] does not exist
18:54:52.393 [Test worker] DEBUG org.springframework.test.context.support.AbstractContextLoader - Did not detect default resource location for test class [com.jpaassignment2.Jpa.Assignment2.JpaAssignment2ApplicationTests]: class path resource [com/jpaassignment2/Jpa/Assignment2/JpaAssignment2ApplicationTestsContext.groovy] does not exist
18:54:52.394 [Test worker] INFO org.springframework.test.context.support.AbstractContextLoader - Could not detect default resource locations for test class [com.jpaassignment2.Jpa.Assignment2.JpaAssignment2ApplicationTests]: no resource found for suffixes {-context.xml, Context.groovy}.
18:54:52.395 [Test worker] INFO org.springframework.test.context.support.AnnotationConfigContextLoaderUtils - Could not detect default configuration classes for test class [com.jpaassignment2.Jpa.Assignment2.JpaAssignment2ApplicationTests]: JpaAssignment2ApplicationTests does not declare any static, non-private, non-final, nested classes annotated with @Configuration.
18:54:52.431 [Test worker] DEBUG org.springframework.test.context.support.ActiveProfilesUtils - Could not find an 'annotation declaring class' for annotation type [org.springframework.test.context.ActiveProfiles] and class [com.jpaassignment2.Jpa.Assignment2.JpaAssignment2ApplicationTests]
18:54:52.504 [Test worker] DEBUG org.springframework.context.annotation.ClassPathScanningCandidateComponentProvider - Identified candidate component class: file [/home/siddharth/Downloads/Jpa Assignment-2/Jpa-Assignment-2/build/classes/java/main/com/jpaassignment2/Jpa/Assignment2/JpaAssignment2Application.class]
18:54:52.505 [Test worker] INFO org.springframework.boot.test.context.SpringBootTestContextBootstrapper - Found @SpringBootConfiguration com.jpaassignment2.Jpa.Assignment2.JpaAssignment2Application for test class com.jpaassignment2.Jpa.Assignment2.JpaAssignment2ApplicationTests
18:54:52.610 [Test worker] DEBUG org.springframework.boot.test.context.SpringBootTestContextBootstrapper - @TestExecutionListeners is not present for class [com.jpaassignment2.Jpa.Assignment2.JpaAssignment2ApplicationTests]: using defaults.
18:54:52.611 [Test worker] INFO org.springframework.boot.test.context.SpringBootTestContextBootstrapper - Loaded default TestExecutionListener class names from location [META-INF/spring.factories]: [org.springframework.boot.test.autoconfigure.restdocs.RestDocsTestExecutionListener, org.springframework.boot.test.autoconfigure.web.client.MockRestServiceServerResetTestExecutionListener, org.springframework.boot.test.autoconfigure.web.servlet.MockMvcPrintOnlyOnFailureTestExecutionListener, org.springframework.boot.test.autoconfigure.web.servlet.WebDriverTestExecutionListener, org.springframework.boot.test.mock.mockito.MockitoTestExecutionListener, org.springframework.boot.test.mock.mockito.ResetMocksTestExecutionListener, org.springframework.test.context.web.ServletTestExecutionListener, org.springframework.test.context.support.DirtiesContextBeforeModesTestExecutionListener, org.springframework.test.context.support.DependencyInjectionTestExecutionListener, org.springframework.test.context.support.DirtiesContextTestExecutionListener, org.springframework.test.context.transaction.TransactionalTestExecutionListener, org.springframework.test.context.jdbc.SqlScriptsTestExecutionListener, org.springframework.test.context.event.EventPublishingTestExecutionListener]
18:54:52.618 [Test worker] DEBUG org.springframework.boot.test.context.SpringBootTestContextBootstrapper - Skipping candidate TestExecutionListener [org.springframework.test.context.web.ServletTestExecutionListener] due to a missing dependency. Specify custom listener classes or make the default listener classes and their required dependencies available. Offending class: [javax/servlet/ServletContext]
18:54:52.626 [Test worker] INFO org.springframework.boot.test.context.SpringBootTestContextBootstrapper - Using TestExecutionListeners: [org.springframework.test.context.support.DirtiesContextBeforeModesTestExecutionListener@5cb57834, org.springframework.boot.test.mock.mockito.MockitoTestExecutionListener@1c23100b, org.springframework.boot.test.autoconfigure.SpringBootDependencyInjectionTestExecutionListener@1f9af0b1, org.springframework.test.context.support.DirtiesContextTestExecutionListener@2b3496f2, org.springframework.test.context.transaction.TransactionalTestExecutionListener@5c372f78, org.springframework.test.context.jdbc.SqlScriptsTestExecutionListener@5890dfbd, org.springframework.test.context.event.EventPublishingTestExecutionListener@1047a366, org.springframework.boot.test.autoconfigure.restdocs.RestDocsTestExecutionListener@1fcb249a, org.springframework.boot.test.autoconfigure.web.client.MockRestServiceServerResetTestExecutionListener@7ae284f4, org.springframework.boot.test.autoconfigure.web.servlet.MockMvcPrintOnlyOnFailureTestExecutionListener@24d1d122, org.springframework.boot.test.autoconfigure.web.servlet.WebDriverTestExecutionListener@9a01a4d, org.springframework.boot.test.mock.mockito.ResetMocksTestExecutionListener@4f090017]
18:54:52.630 [Test worker] DEBUG org.springframework.test.context.support.AbstractDirtiesContextTestExecutionListener - Before test class: context [DefaultTestContext@6954273a testClass = JpaAssignment2ApplicationTests, testInstance = [null], testMethod = [null], testException = [null], mergedContextConfiguration = [MergedContextConfiguration@5f255a15 testClass = JpaAssignment2ApplicationTests, locations = '{}', classes = '{class com.jpaassignment2.Jpa.Assignment2.JpaAssignment2Application}', contextInitializerClasses = '[]', activeProfiles = '{}', propertySourceLocations = '{}', propertySourceProperties = '{org.springframework.boot.test.context.SpringBootTestContextBootstrapper=true}', contextCustomizers = set[org.springframework.boot.test.autoconfigure.properties.PropertyMappingContextCustomizer@0, org.springframework.boot.test.autoconfigure.web.servlet.WebDriverContextCustomizerFactory$Customizer@58522cd2, org.springframework.boot.test.context.filter.ExcludeFilterContextCustomizer@1061a01e, org.springframework.boot.test.json.DuplicateJsonObjectContextCustomizerFactory$DuplicateJsonObjectContextCustomizer@85392c1, org.springframework.boot.test.mock.mockito.MockitoContextCustomizer@0, org.springframework.boot.test.web.client.TestRestTemplateContextCustomizer@96cc6d7], contextLoader = 'org.springframework.boot.test.context.SpringBootContextLoader', parent = [null]], attributes = map[[empty]]], class annotated with @DirtiesContext [false] with mode [null].
18:54:52.642 [Test worker] DEBUG org.springframework.test.context.support.DependencyInjectionTestExecutionListener - Performing dependency injection for test context [[DefaultTestContext@6954273a testClass = JpaAssignment2ApplicationTests, testInstance = com.jpaassignment2.Jpa.Assignment2.JpaAssignment2ApplicationTests@46169ddb, testMethod = [null], testException = [null], mergedContextConfiguration = [MergedContextConfiguration@5f255a15 testClass = JpaAssignment2ApplicationTests, locations = '{}', classes = '{class com.jpaassignment2.Jpa.Assignment2.JpaAssignment2Application}', contextInitializerClasses = '[]', activeProfiles = '{}', propertySourceLocations = '{}', propertySourceProperties = '{org.springframework.boot.test.context.SpringBootTestContextBootstrapper=true}', contextCustomizers = set[org.springframework.boot.test.autoconfigure.properties.PropertyMappingContextCustomizer@0, org.springframework.boot.test.autoconfigure.web.servlet.WebDriverContextCustomizerFactory$Customizer@58522cd2, org.springframework.boot.test.context.filter.ExcludeFilterContextCustomizer@1061a01e, org.springframework.boot.test.json.DuplicateJsonObjectContextCustomizerFactory$DuplicateJsonObjectContextCustomizer@85392c1, org.springframework.boot.test.mock.mockito.MockitoContextCustomizer@0, org.springframework.boot.test.web.client.TestRestTemplateContextCustomizer@96cc6d7], contextLoader = 'org.springframework.boot.test.context.SpringBootContextLoader', parent = [null]], attributes = map[[empty]]]].
18:54:52.658 [Test worker] DEBUG org.springframework.test.context.support.TestPropertySourceUtils - Adding inlined properties to environment: {spring.jmx.enabled=false, org.springframework.boot.test.context.SpringBootTestContextBootstrapper=true, server.port=-1}

  .   ____          _            __ _ _
 /\\ / ___'_ __ _ _(_)_ __  __ _ \ \ \ \
( ( )\___ | '_ | '_| | '_ \/ _` | \ \ \ \
 \\/  ___)| |_)| | | | | || (_| |  ) ) ) )
  '  |____| .__|_| |_|_| |_\__, | / / / /
 =========|_|==============|___/=/_/_/_/
 :: Spring Boot ::        (v2.2.5.RELEASE)

2020-03-20 18:54:52.910  INFO 7421 --- [    Test worker] c.j.J.A.JpaAssignment2ApplicationTests   : Starting JpaAssignment2ApplicationTests on siddharth with PID 7421 (started by siddharth in /home/siddharth/Downloads/Jpa Assignment-2/Jpa-Assignment-2)
2020-03-20 18:54:52.912  INFO 7421 --- [    Test worker] c.j.J.A.JpaAssignment2ApplicationTests   : No active profile set, falling back to default profiles: default
2020-03-20 18:54:53.314  INFO 7421 --- [    Test worker] .s.d.r.c.RepositoryConfigurationDelegate : Bootstrapping Spring Data JPA repositories in DEFAULT mode.
2020-03-20 18:54:53.378  INFO 7421 --- [    Test worker] .s.d.r.c.RepositoryConfigurationDelegate : Finished Spring Data repository scanning in 55ms. Found 5 JPA repository interfaces.
2020-03-20 18:54:53.810  INFO 7421 --- [    Test worker] com.zaxxer.hikari.HikariDataSource       : HikariPool-1 - Starting...
2020-03-20 18:54:54.239  INFO 7421 --- [    Test worker] com.zaxxer.hikari.HikariDataSource       : HikariPool-1 - Start completed.
2020-03-20 18:54:54.306  INFO 7421 --- [    Test worker] o.hibernate.jpa.internal.util.LogHelper  : HHH000204: Processing PersistenceUnitInfo [name: default]
2020-03-20 18:54:54.400  INFO 7421 --- [    Test worker] org.hibernate.Version                    : HHH000412: Hibernate ORM core version 5.4.12.Final
2020-03-20 18:54:54.607  INFO 7421 --- [    Test worker] o.hibernate.annotations.common.Version   : HCANN000001: Hibernate Commons Annotations {5.1.0.Final}
2020-03-20 18:54:54.730  INFO 7421 --- [    Test worker] org.hibernate.dialect.Dialect            : HHH000400: Using dialect: org.hibernate.dialect.MySQL57Dialect
2020-03-20 18:54:54.871  WARN 7421 --- [    Test worker] org.hibernate.cfg.AnnotationBinder       : HHH000139: Illegal use of @Table in a subclass of a SINGLE_TABLE hierarchy: com.jpaassignment2.Jpa.Assignment2.SingleTable.Cheque
2020-03-20 18:54:54.872  WARN 7421 --- [    Test worker] org.hibernate.cfg.AnnotationBinder       : HHH000139: Illegal use of @Table in a subclass of a SINGLE_TABLE hierarchy: com.jpaassignment2.Jpa.Assignment2.SingleTable.CreditCard
2020-03-20 18:54:55.373  INFO 7421 --- [    Test worker] o.h.e.t.j.p.i.JtaPlatformInitiator       : HHH000490: Using JtaPlatform implementation: [org.hibernate.engine.transaction.jta.platform.internal.NoJtaPlatform]
2020-03-20 18:54:55.378  INFO 7421 --- [    Test worker] j.LocalContainerEntityManagerFactoryBean : Initialized JPA EntityManagerFactory for persistence unit 'default'
2020-03-20 18:54:55.901  INFO 7421 --- [    Test worker] c.j.J.A.JpaAssignment2ApplicationTests   : Started JpaAssignment2ApplicationTests in 3.241 seconds (JVM running for 4.392)
]]></system-out>
  <system-err><![CDATA[]]></system-err>
</testsuite>
